<?xml version="1.0" encoding="UTF-8"?>
<testsuite xmlns:xsi="http://www.w3.org/2001/XMLSchema-instance" xsi:noNamespaceSchemaLocation="https://maven.apache.org/surefire/maven-surefire-plugin/xsd/surefire-test-report-3.0.xsd" version="3.0" name="com.college.controller.home.HomeControllerTest" time="1.879" tests="2" errors="0" skipped="0" failures="0">
  <properties>
[...]
</properties>
  <testcase name="testRegisterValidation" classname="com.college.controller.home.HomeControllerTest" time="0.18">
    <system-out><![CDATA[2025-07-21T23:37:57.232+03:00  INFO 10716 --- [           main] t.c.s.AnnotationConfigContextLoaderUtils : Could not detect default configuration classes for test class [com.college.controller.home.HomeControllerTest]: HomeControllerTest does not declare any static, non-private, non-final, nested classes annotated with @Configuration.
2025-07-21T23:37:57.305+03:00  INFO 10716 --- [           main] .b.t.c.SpringBootTestContextBootstrapper : Found @SpringBootConfiguration com.college.CourseRegistrationSystemApplication for test class com.college.controller.home.HomeControllerTest
2025-07-21T23:37:57.322+03:00  INFO 10716 --- [           main] o.s.b.d.r.RestartApplicationListener     : Restart disabled due to context in which it is running

  .   ____          _            __ _ _
 /\\ / ___'_ __ _ _(_)_ __  __ _ \ \ \ \
( ( )\___ | '_ | '_| | '_ \/ _` | \ \ \ \
 \\/  ___)| |_)| | | | | || (_| |  ) ) ) )
  '  |____| .__|_| |_|_| |_\__, | / / / /
 =========|_|==============|___/=/_/_/_/
 :: Spring Boot ::                (v3.2.6)

2025-07-21T23:37:57.410+03:00  INFO 10716 --- [           main] c.c.controller.home.HomeControllerTest   : Starting HomeControllerTest using Java 21 with PID 10716 (started by Odai For Computer in I:\Freelance\College-Project\course-registration-system)
2025-07-21T23:37:57.410+03:00  INFO 10716 --- [           main] c.c.controller.home.HomeControllerTest   : No active profile set, falling back to 1 default profile: "default"
2025-07-21T23:37:58.421+03:00  INFO 10716 --- [           main] o.s.b.a.w.s.WelcomePageHandlerMapping    : Adding welcome page template: index
2025-07-21T23:37:58.600+03:00  INFO 10716 --- [           main] o.s.s.web.DefaultSecurityFilterChain     : Will secure any request with [org.springframework.security.web.session.DisableEncodeUrlFilter@79b0956e, org.springframework.security.web.context.request.async.WebAsyncManagerIntegrationFilter@35451ba6, org.springframework.security.web.context.SecurityContextHolderFilter@6761f75b, org.springframework.security.web.header.HeaderWriterFilter@78e7b83, org.springframework.web.filter.CorsFilter@21d48c40, org.springframework.security.web.csrf.CsrfFilter@862624f, org.springframework.security.web.authentication.logout.LogoutFilter@1c528f2f, org.springframework.security.web.authentication.UsernamePasswordAuthenticationFilter@71135794, org.springframework.security.web.savedrequest.RequestCacheAwareFilter@7c8a91e2, org.springframework.security.web.servletapi.SecurityContextHolderAwareRequestFilter@c7443f, org.springframework.security.web.authentication.AnonymousAuthenticationFilter@4a10c019, org.springframework.security.web.access.ExceptionTranslationFilter@3aa8c337, org.springframework.security.web.access.intercept.AuthorizationFilter@e2344da]
2025-07-21T23:37:58.764+03:00  INFO 10716 --- [           main] o.s.b.t.m.w.SpringBootMockServletContext : Initializing Spring TestDispatcherServlet ''
2025-07-21T23:37:58.765+03:00  INFO 10716 --- [           main] o.s.t.web.servlet.TestDispatcherServlet  : Initializing Servlet ''
2025-07-21T23:37:58.767+03:00  INFO 10716 --- [           main] o.s.t.web.servlet.TestDispatcherServlet  : Completed initialization in 2 ms
2025-07-21T23:37:58.799+03:00  INFO 10716 --- [           main] c.c.controller.home.HomeControllerTest   : Started HomeControllerTest in 1.478 seconds (process running for 13.321)
[Filter] Request URI: /register
DEBUG: POST /register called
]]></system-out>
  </testcase>
  <testcase name="testRegisterSuccess" classname="com.college.controller.home.HomeControllerTest" time="0.107">
    <system-out><![CDATA[[Filter] Request URI: /register
DEBUG: POST /register called
]]></system-out>
  </testcase>
</testsuite>